<?xml version="1.0" encoding="UTF-8"?>
<testng-results skipped="0" failed="0" total="6" passed="6">
  <reporter-output>
    <line>
      <![CDATA[[{1148753399}]***Start Selenium Webdriver
]]>
    </line>
    <line>
      <![CDATA[[{1148753399}]***Open test site
]]>
    </line>
    <line>
      <![CDATA[[{1148753399}]***Delete book test start
]]>
    </line>
    <line>
      <![CDATA[[{1148753399}]***Book to be deleted is created successfully
]]>
    </line>
    <line>
      <![CDATA[[{1148753399}]***Start Selenium Webdriver
]]>
    </line>
    <line>
      <![CDATA[[{1148753399}]***Open test site
]]>
    </line>
    <line>
      <![CDATA[[{1148753399}]***Update book test start
]]>
    </line>
    <line>
      <![CDATA[[{1148753399}]***Start Selenium Webdriver
]]>
    </line>
    <line>
      <![CDATA[[{1148753399}]***Open test site
]]>
    </line>
    <line>
      <![CDATA[[{1148753399}]***Update book test start
]]>
    </line>
    <line>
      <![CDATA[[{1148753399}]***Book to be updated is created successfully
]]>
    </line>
    <line>
      <![CDATA[[{1148753399}]***Start Selenium Webdriver
]]>
    </line>
    <line>
      <![CDATA[[{1148753399}]***Open test site
]]>
    </line>
    <line>
      <![CDATA[[{1148753399}]***Create book reset button test start
]]>
    </line>
    <line>
      <![CDATA[[{1148753399}]***Start Selenium Webdriver
]]>
    </line>
    <line>
      <![CDATA[[{1148753399}]***Open test site
]]>
    </line>
    <line>
      <![CDATA[[{1148753399}]***Create book test start
]]>
    </line>
    <line>
      <![CDATA[[{1148753399}]***Start Selenium Webdriver
]]>
    </line>
    <line>
      <![CDATA[[{1148753399}]***Open test site
]]>
    </line>
    <line>
      <![CDATA[[{1148753399}]***Create duplicate book test start
]]>
    </line>
    <line>
      <![CDATA[[{1148753399}]***First book is created successfully
]]>
    </line>
  </reporter-output>
  <suite name="Smoke" duration-ms="182069" started-at="2017-04-24T10:35:16Z" finished-at="2017-04-24T10:38:18Z">
    <groups>
      <group name="REGRESSION">
        <method signature="BookManageTest.DeleteTest()[pri:0, instance:cn.com.gf.demo.tests.BookManageTest@67b64c45]" name="DeleteTest" class="cn.com.gf.demo.tests.BookManageTest"/>
        <method signature="BookManageTest.UpdateIdNotExistTest()[pri:0, instance:cn.com.gf.demo.tests.BookManageTest@67b64c45]" name="UpdateIdNotExistTest" class="cn.com.gf.demo.tests.BookManageTest"/>
        <method signature="BookManageTest.UpdateTest()[pri:0, instance:cn.com.gf.demo.tests.BookManageTest@67b64c45]" name="UpdateTest" class="cn.com.gf.demo.tests.BookManageTest"/>
        <method signature="BookManageTest.createBookResetTest()[pri:0, instance:cn.com.gf.demo.tests.BookManageTest@67b64c45]" name="createBookResetTest" class="cn.com.gf.demo.tests.BookManageTest"/>
        <method signature="BookManageTest.createBookTest()[pri:0, instance:cn.com.gf.demo.tests.BookManageTest@67b64c45]" name="createBookTest" class="cn.com.gf.demo.tests.BookManageTest"/>
        <method signature="BookManageTest.createDuplicateTest()[pri:0, instance:cn.com.gf.demo.tests.BookManageTest@67b64c45]" name="createDuplicateTest" class="cn.com.gf.demo.tests.BookManageTest"/>
      </group> <!-- REGRESSION -->
      <group name="SMOKE">
        <method signature="BookManageTest.DeleteTest()[pri:0, instance:cn.com.gf.demo.tests.BookManageTest@67b64c45]" name="DeleteTest" class="cn.com.gf.demo.tests.BookManageTest"/>
        <method signature="BookManageTest.UpdateTest()[pri:0, instance:cn.com.gf.demo.tests.BookManageTest@67b64c45]" name="UpdateTest" class="cn.com.gf.demo.tests.BookManageTest"/>
        <method signature="BookManageTest.createBookTest()[pri:0, instance:cn.com.gf.demo.tests.BookManageTest@67b64c45]" name="createBookTest" class="cn.com.gf.demo.tests.BookManageTest"/>
      </group> <!-- SMOKE -->
    </groups>
    <test name="BookManageTest" duration-ms="182069" started-at="2017-04-24T10:35:16Z" finished-at="2017-04-24T10:38:18Z">
      <class name="cn.com.gf.demo.tests.BookManageTest">
        <test-method status="PASS" signature="openBookList(java.lang.String, java.lang.String)[pri:0, instance:cn.com.gf.demo.tests.BookManageTest@67b64c45]" name="openBookList" is-config="true" duration-ms="21601" started-at="2017-04-24T18:35:16Z" description="Start driver" finished-at="2017-04-24T18:35:38Z">
          <params>
            <param index="0">
              <value>
                <![CDATA[chrome]]>
              </value>
            </param>
            <param index="1">
              <value>
                <![CDATA[http://127.0.0.1:8080/]]>
              </value>
            </param>
          </params>
          <reporter-output>
            <line>
              <![CDATA[[{1148753399}]***Start Selenium Webdriver
]]>
            </line>
            <line>
              <![CDATA[[{1148753399}]***Open test site
]]>
            </line>
          </reporter-output>
        </test-method> <!-- openBookList -->
        <test-method status="PASS" signature="DeleteTest()[pri:0, instance:cn.com.gf.demo.tests.BookManageTest@67b64c45]" name="DeleteTest" duration-ms="26087" started-at="2017-04-24T18:35:38Z" description="Update book" finished-at="2017-04-24T18:36:04Z">
          <reporter-output>
            <line>
              <![CDATA[[{1148753399}]***Delete book test start
]]>
            </line>
            <line>
              <![CDATA[[{1148753399}]***Book to be deleted is created successfully
]]>
            </line>
          </reporter-output>
        </test-method> <!-- DeleteTest -->
        <test-method status="PASS" signature="closeDriver()[pri:0, instance:cn.com.gf.demo.tests.BookManageTest@67b64c45]" name="closeDriver" is-config="true" duration-ms="4242" started-at="2017-04-24T18:36:04Z" finished-at="2017-04-24T18:36:08Z">
          <reporter-output>
          </reporter-output>
        </test-method> <!-- closeDriver -->
        <test-method status="PASS" signature="openBookList(java.lang.String, java.lang.String)[pri:0, instance:cn.com.gf.demo.tests.BookManageTest@67b64c45]" name="openBookList" is-config="true" duration-ms="10864" started-at="2017-04-24T18:36:08Z" description="Start driver" finished-at="2017-04-24T18:36:19Z">
          <params>
            <param index="0">
              <value>
                <![CDATA[chrome]]>
              </value>
            </param>
            <param index="1">
              <value>
                <![CDATA[http://127.0.0.1:8080/]]>
              </value>
            </param>
          </params>
          <reporter-output>
            <line>
              <![CDATA[[{1148753399}]***Start Selenium Webdriver
]]>
            </line>
            <line>
              <![CDATA[[{1148753399}]***Open test site
]]>
            </line>
          </reporter-output>
        </test-method> <!-- openBookList -->
        <test-method status="PASS" signature="UpdateIdNotExistTest()[pri:0, instance:cn.com.gf.demo.tests.BookManageTest@67b64c45]" name="UpdateIdNotExistTest" duration-ms="18873" started-at="2017-04-24T18:36:19Z" description="Update book when the id is not exist" finished-at="2017-04-24T18:36:38Z">
          <reporter-output>
            <line>
              <![CDATA[[{1148753399}]***Update book test start
]]>
            </line>
          </reporter-output>
        </test-method> <!-- UpdateIdNotExistTest -->
        <test-method status="PASS" signature="closeDriver()[pri:0, instance:cn.com.gf.demo.tests.BookManageTest@67b64c45]" name="closeDriver" is-config="true" duration-ms="3777" started-at="2017-04-24T18:36:38Z" finished-at="2017-04-24T18:36:42Z">
          <reporter-output>
          </reporter-output>
        </test-method> <!-- closeDriver -->
        <test-method status="PASS" signature="openBookList(java.lang.String, java.lang.String)[pri:0, instance:cn.com.gf.demo.tests.BookManageTest@67b64c45]" name="openBookList" is-config="true" duration-ms="9934" started-at="2017-04-24T18:36:42Z" description="Start driver" finished-at="2017-04-24T18:36:52Z">
          <params>
            <param index="0">
              <value>
                <![CDATA[chrome]]>
              </value>
            </param>
            <param index="1">
              <value>
                <![CDATA[http://127.0.0.1:8080/]]>
              </value>
            </param>
          </params>
          <reporter-output>
            <line>
              <![CDATA[[{1148753399}]***Start Selenium Webdriver
]]>
            </line>
            <line>
              <![CDATA[[{1148753399}]***Open test site
]]>
            </line>
          </reporter-output>
        </test-method> <!-- openBookList -->
        <test-method status="PASS" signature="UpdateTest()[pri:0, instance:cn.com.gf.demo.tests.BookManageTest@67b64c45]" name="UpdateTest" duration-ms="25812" started-at="2017-04-24T18:36:52Z" description="Update book" finished-at="2017-04-24T18:37:18Z">
          <reporter-output>
            <line>
              <![CDATA[[{1148753399}]***Update book test start
]]>
            </line>
            <line>
              <![CDATA[[{1148753399}]***Book to be updated is created successfully
]]>
            </line>
          </reporter-output>
        </test-method> <!-- UpdateTest -->
        <test-method status="PASS" signature="closeDriver()[pri:0, instance:cn.com.gf.demo.tests.BookManageTest@67b64c45]" name="closeDriver" is-config="true" duration-ms="1958" started-at="2017-04-24T18:37:18Z" finished-at="2017-04-24T18:37:20Z">
          <reporter-output>
          </reporter-output>
        </test-method> <!-- closeDriver -->
        <test-method status="PASS" signature="openBookList(java.lang.String, java.lang.String)[pri:0, instance:cn.com.gf.demo.tests.BookManageTest@67b64c45]" name="openBookList" is-config="true" duration-ms="10192" started-at="2017-04-24T18:37:20Z" description="Start driver" finished-at="2017-04-24T18:37:30Z">
          <params>
            <param index="0">
              <value>
                <![CDATA[chrome]]>
              </value>
            </param>
            <param index="1">
              <value>
                <![CDATA[http://127.0.0.1:8080/]]>
              </value>
            </param>
          </params>
          <reporter-output>
            <line>
              <![CDATA[[{1148753399}]***Start Selenium Webdriver
]]>
            </line>
            <line>
              <![CDATA[[{1148753399}]***Open test site
]]>
            </line>
          </reporter-output>
        </test-method> <!-- openBookList -->
        <test-method status="PASS" signature="createBookResetTest()[pri:0, instance:cn.com.gf.demo.tests.BookManageTest@67b64c45]" name="createBookResetTest" duration-ms="4807" started-at="2017-04-24T18:37:30Z" description="Click reset button of create book window" finished-at="2017-04-24T18:37:35Z">
          <reporter-output>
            <line>
              <![CDATA[[{1148753399}]***Create book reset button test start
]]>
            </line>
          </reporter-output>
        </test-method> <!-- createBookResetTest -->
        <test-method status="PASS" signature="closeDriver()[pri:0, instance:cn.com.gf.demo.tests.BookManageTest@67b64c45]" name="closeDriver" is-config="true" duration-ms="1833" started-at="2017-04-24T18:37:35Z" finished-at="2017-04-24T18:37:36Z">
          <reporter-output>
          </reporter-output>
        </test-method> <!-- closeDriver -->
        <test-method status="PASS" signature="openBookList(java.lang.String, java.lang.String)[pri:0, instance:cn.com.gf.demo.tests.BookManageTest@67b64c45]" name="openBookList" is-config="true" duration-ms="9899" started-at="2017-04-24T18:37:36Z" description="Start driver" finished-at="2017-04-24T18:37:46Z">
          <params>
            <param index="0">
              <value>
                <![CDATA[chrome]]>
              </value>
            </param>
            <param index="1">
              <value>
                <![CDATA[http://127.0.0.1:8080/]]>
              </value>
            </param>
          </params>
          <reporter-output>
            <line>
              <![CDATA[[{1148753399}]***Start Selenium Webdriver
]]>
            </line>
            <line>
              <![CDATA[[{1148753399}]***Open test site
]]>
            </line>
          </reporter-output>
        </test-method> <!-- openBookList -->
        <test-method status="PASS" signature="createBookTest()[pri:0, instance:cn.com.gf.demo.tests.BookManageTest@67b64c45]" name="createBookTest" duration-ms="9491" started-at="2017-04-24T18:37:46Z" description="Create new book successfully" finished-at="2017-04-24T18:37:56Z">
          <reporter-output>
            <line>
              <![CDATA[[{1148753399}]***Create book test start
]]>
            </line>
          </reporter-output>
        </test-method> <!-- createBookTest -->
        <test-method status="PASS" signature="closeDriver()[pri:0, instance:cn.com.gf.demo.tests.BookManageTest@67b64c45]" name="closeDriver" is-config="true" duration-ms="1789" started-at="2017-04-24T18:37:56Z" finished-at="2017-04-24T18:37:58Z">
          <reporter-output>
          </reporter-output>
        </test-method> <!-- closeDriver -->
        <test-method status="PASS" signature="openBookList(java.lang.String, java.lang.String)[pri:0, instance:cn.com.gf.demo.tests.BookManageTest@67b64c45]" name="openBookList" is-config="true" duration-ms="8960" started-at="2017-04-24T18:37:58Z" description="Start driver" finished-at="2017-04-24T18:38:06Z">
          <params>
            <param index="0">
              <value>
                <![CDATA[chrome]]>
              </value>
            </param>
            <param index="1">
              <value>
                <![CDATA[http://127.0.0.1:8080/]]>
              </value>
            </param>
          </params>
          <reporter-output>
            <line>
              <![CDATA[[{1148753399}]***Start Selenium Webdriver
]]>
            </line>
            <line>
              <![CDATA[[{1148753399}]***Open test site
]]>
            </line>
          </reporter-output>
        </test-method> <!-- openBookList -->
        <test-method status="PASS" signature="createDuplicateTest()[pri:0, instance:cn.com.gf.demo.tests.BookManageTest@67b64c45]" name="createDuplicateTest" duration-ms="9586" started-at="2017-04-24T18:38:06Z" description="Click duplicate book" finished-at="2017-04-24T18:38:16Z">
          <reporter-output>
            <line>
              <![CDATA[[{1148753399}]***Create duplicate book test start
]]>
            </line>
            <line>
              <![CDATA[[{1148753399}]***First book is created successfully
]]>
            </line>
          </reporter-output>
        </test-method> <!-- createDuplicateTest -->
        <test-method status="PASS" signature="closeDriver()[pri:0, instance:cn.com.gf.demo.tests.BookManageTest@67b64c45]" name="closeDriver" is-config="true" duration-ms="2333" started-at="2017-04-24T18:38:16Z" finished-at="2017-04-24T18:38:18Z">
          <reporter-output>
          </reporter-output>
        </test-method> <!-- closeDriver -->
      </class> <!-- cn.com.gf.demo.tests.BookManageTest -->
    </test> <!-- BookManageTest -->
  </suite> <!-- Smoke -->
</testng-results>
