<?xml version="1.0" encoding="UTF-8"?>
<!-- Generated by org.testng.reporters.JUnitXMLReporter -->
<testsuite hostname="jonsunliu-NB0" name="BookManageTest" tests="6" failures="0" timestamp="24 Apr 2017 10:38:18 GMT" time="182.069" errors="0">
  <testcase name="DeleteTest" time="26.087" classname="cn.com.gf.demo.tests.BookManageTest"/>
  <testcase name="UpdateIdNotExistTest" time="18.873" classname="cn.com.gf.demo.tests.BookManageTest"/>
  <testcase name="UpdateTest" time="25.812" classname="cn.com.gf.demo.tests.BookManageTest"/>
  <testcase name="createBookResetTest" time="4.807" classname="cn.com.gf.demo.tests.BookManageTest"/>
  <testcase name="createBookTest" time="9.491" classname="cn.com.gf.demo.tests.BookManageTest"/>
  <testcase name="createDuplicateTest" time="9.586" classname="cn.com.gf.demo.tests.BookManageTest"/>
</testsuite> <!-- BookManageTest -->
